     1 00000000                                 [FORMAT "WCOFF"]
     2 00000000                                 [INSTRSET "i486p"]
     3 00000000                                 [OPTIMIZE 1]
     4 00000000                                 [OPTION 1]
     5 00000000                                 [BITS 32]
     6 00000000                                 	EXTERN	_io_hlt
     7 00000000                                 	EXTERN	_io_load_eflags
     8 00000000                                 	EXTERN	_io_cli
     9 00000000                                 	EXTERN	_io_out8
    10 00000000                                 	EXTERN	_io_store_eflags
    11 00000000                                 [FILE "bootpack.c"]
    12                                          [SECTION .text]
    13 00000000                                 	GLOBAL	_HariMain
    14 00000000                                 _HariMain:
    15 00000000 55                              	PUSH	EBP
    16 00000001 89 E5                           	MOV	EBP,ESP
    17 00000003 83 EC 18                        	SUB	ESP,24
    18 00000006 A1 00000FF0                     	MOV	EAX,DWORD [4080]
    19 0000000B 89 45 E8                        	MOV	DWORD [-24+EBP],EAX
    20 0000000E A1 00000FF4                     	MOV	EAX,DWORD [4084]
    21 00000013 89 45 EC                        	MOV	DWORD [-20+EBP],EAX
    22 00000016 A1 00000FF8                     	MOV	EAX,DWORD [4088]
    23 0000001B 89 45 F0                        	MOV	DWORD [-16+EBP],EAX
    24 0000001E E8 0000027D                     	CALL	_init_palette
    25 00000023 83 EC 04                        	SUB	ESP,4
    26 00000026 0F BF 45 EE                     	MOVSX	EAX,WORD [-18+EBP]
    27 0000002A 83 E8 1D                        	SUB	EAX,29
    28 0000002D 50                              	PUSH	EAX
    29 0000002E 0F BF 45 EC                     	MOVSX	EAX,WORD [-20+EBP]
    30 00000032 48                              	DEC	EAX
    31 00000033 50                              	PUSH	EAX
    32 00000034 6A 00                           	PUSH	0
    33 00000036 6A 00                           	PUSH	0
    34 00000038 6A 0E                           	PUSH	14
    35 0000003A 0F BF 45 EC                     	MOVSX	EAX,WORD [-20+EBP]
    36 0000003E 50                              	PUSH	EAX
    37 0000003F FF 75 F0                        	PUSH	DWORD [-16+EBP]
    38 00000042 E8 00000326                     	CALL	_boxfill8
    39 00000047 83 C4 20                        	ADD	ESP,32
    40 0000004A 83 EC 04                        	SUB	ESP,4
    41 0000004D 0F BF 45 EE                     	MOVSX	EAX,WORD [-18+EBP]
    42 00000051 83 E8 1C                        	SUB	EAX,28
    43 00000054 50                              	PUSH	EAX
    44 00000055 0F BF 45 EC                     	MOVSX	EAX,WORD [-20+EBP]
    45 00000059 48                              	DEC	EAX
    46 0000005A 50                              	PUSH	EAX
    47 0000005B 0F BF 45 EE                     	MOVSX	EAX,WORD [-18+EBP]
    48 0000005F 83 E8 1C                        	SUB	EAX,28
    49 00000062 50                              	PUSH	EAX
    50 00000063 6A 00                           	PUSH	0
    51 00000065 6A 08                           	PUSH	8
    52 00000067 0F BF 45 EC                     	MOVSX	EAX,WORD [-20+EBP]
    53 0000006B 50                              	PUSH	EAX
    54 0000006C FF 75 F0                        	PUSH	DWORD [-16+EBP]
    55 0000006F E8 000002F9                     	CALL	_boxfill8
    56 00000074 83 C4 20                        	ADD	ESP,32
    57 00000077 83 EC 04                        	SUB	ESP,4
    58 0000007A 0F BF 45 EE                     	MOVSX	EAX,WORD [-18+EBP]
    59 0000007E 83 E8 1B                        	SUB	EAX,27
    60 00000081 50                              	PUSH	EAX
    61 00000082 0F BF 45 EC                     	MOVSX	EAX,WORD [-20+EBP]
    62 00000086 48                              	DEC	EAX
    63 00000087 50                              	PUSH	EAX
    64 00000088 0F BF 45 EE                     	MOVSX	EAX,WORD [-18+EBP]
    65 0000008C 83 E8 1B                        	SUB	EAX,27
    66 0000008F 50                              	PUSH	EAX
    67 00000090 6A 00                           	PUSH	0
    68 00000092 6A 07                           	PUSH	7
    69 00000094 0F BF 45 EC                     	MOVSX	EAX,WORD [-20+EBP]
    70 00000098 50                              	PUSH	EAX
    71 00000099 FF 75 F0                        	PUSH	DWORD [-16+EBP]
    72 0000009C E8 000002CC                     	CALL	_boxfill8
    73 000000A1 83 C4 20                        	ADD	ESP,32
    74 000000A4 83 EC 04                        	SUB	ESP,4
    75 000000A7 0F BF 45 EE                     	MOVSX	EAX,WORD [-18+EBP]
    76 000000AB 48                              	DEC	EAX
    77 000000AC 50                              	PUSH	EAX
    78 000000AD 0F BF 45 EC                     	MOVSX	EAX,WORD [-20+EBP]
    79 000000B1 48                              	DEC	EAX
    80 000000B2 50                              	PUSH	EAX
    81 000000B3 0F BF 45 EE                     	MOVSX	EAX,WORD [-18+EBP]
    82 000000B7 83 E8 1A                        	SUB	EAX,26
    83 000000BA 50                              	PUSH	EAX
    84 000000BB 6A 00                           	PUSH	0
    85 000000BD 6A 08                           	PUSH	8
    86 000000BF 0F BF 45 EC                     	MOVSX	EAX,WORD [-20+EBP]
    87 000000C3 50                              	PUSH	EAX
    88 000000C4 FF 75 F0                        	PUSH	DWORD [-16+EBP]
    89 000000C7 E8 000002A1                     	CALL	_boxfill8
    90 000000CC 83 C4 20                        	ADD	ESP,32
    91 000000CF 83 EC 04                        	SUB	ESP,4
    92 000000D2 0F BF 45 EE                     	MOVSX	EAX,WORD [-18+EBP]
    93 000000D6 83 E8 18                        	SUB	EAX,24
    94 000000D9 50                              	PUSH	EAX
    95 000000DA 6A 3B                           	PUSH	59
    96 000000DC 0F BF 45 EE                     	MOVSX	EAX,WORD [-18+EBP]
    97 000000E0 83 E8 18                        	SUB	EAX,24
    98 000000E3 50                              	PUSH	EAX
    99 000000E4 6A 03                           	PUSH	3
   100 000000E6 6A 07                           	PUSH	7
   101 000000E8 0F BF 45 EC                     	MOVSX	EAX,WORD [-20+EBP]
   102 000000EC 50                              	PUSH	EAX
   103 000000ED FF 75 F0                        	PUSH	DWORD [-16+EBP]
   104 000000F0 E8 00000278                     	CALL	_boxfill8
   105 000000F5 83 C4 20                        	ADD	ESP,32
   106 000000F8 83 EC 04                        	SUB	ESP,4
   107 000000FB 0F BF 45 EE                     	MOVSX	EAX,WORD [-18+EBP]
   108 000000FF 83 E8 04                        	SUB	EAX,4
   109 00000102 50                              	PUSH	EAX
   110 00000103 6A 02                           	PUSH	2
   111 00000105 0F BF 45 EE                     	MOVSX	EAX,WORD [-18+EBP]
   112 00000109 83 E8 18                        	SUB	EAX,24
   113 0000010C 50                              	PUSH	EAX
   114 0000010D 6A 02                           	PUSH	2
   115 0000010F 6A 07                           	PUSH	7
   116 00000111 0F BF 45 EC                     	MOVSX	EAX,WORD [-20+EBP]
   117 00000115 50                              	PUSH	EAX
   118 00000116 FF 75 F0                        	PUSH	DWORD [-16+EBP]
   119 00000119 E8 0000024F                     	CALL	_boxfill8
   120 0000011E 83 C4 20                        	ADD	ESP,32
   121 00000121 83 EC 04                        	SUB	ESP,4
   122 00000124 0F BF 45 EE                     	MOVSX	EAX,WORD [-18+EBP]
   123 00000128 83 E8 04                        	SUB	EAX,4
   124 0000012B 50                              	PUSH	EAX
   125 0000012C 6A 3B                           	PUSH	59
   126 0000012E 0F BF 45 EE                     	MOVSX	EAX,WORD [-18+EBP]
   127 00000132 83 E8 04                        	SUB	EAX,4
   128 00000135 50                              	PUSH	EAX
   129 00000136 6A 03                           	PUSH	3
   130 00000138 6A 0F                           	PUSH	15
   131 0000013A 0F BF 45 EC                     	MOVSX	EAX,WORD [-20+EBP]
   132 0000013E 50                              	PUSH	EAX
   133 0000013F FF 75 F0                        	PUSH	DWORD [-16+EBP]
   134 00000142 E8 00000226                     	CALL	_boxfill8
   135 00000147 83 C4 20                        	ADD	ESP,32
   136 0000014A 83 EC 04                        	SUB	ESP,4
   137 0000014D 0F BF 45 EE                     	MOVSX	EAX,WORD [-18+EBP]
   138 00000151 83 E8 05                        	SUB	EAX,5
   139 00000154 50                              	PUSH	EAX
   140 00000155 6A 3B                           	PUSH	59
   141 00000157 0F BF 45 EE                     	MOVSX	EAX,WORD [-18+EBP]
   142 0000015B 83 E8 17                        	SUB	EAX,23
   143 0000015E 50                              	PUSH	EAX
   144 0000015F 6A 3B                           	PUSH	59
   145 00000161 6A 0F                           	PUSH	15
   146 00000163 0F BF 45 EC                     	MOVSX	EAX,WORD [-20+EBP]
   147 00000167 50                              	PUSH	EAX
   148 00000168 FF 75 F0                        	PUSH	DWORD [-16+EBP]
   149 0000016B E8 000001FD                     	CALL	_boxfill8
   150 00000170 83 C4 20                        	ADD	ESP,32
   151 00000173 83 EC 04                        	SUB	ESP,4
   152 00000176 0F BF 45 EE                     	MOVSX	EAX,WORD [-18+EBP]
   153 0000017A 83 E8 03                        	SUB	EAX,3
   154 0000017D 50                              	PUSH	EAX
   155 0000017E 6A 3B                           	PUSH	59
   156 00000180 0F BF 45 EE                     	MOVSX	EAX,WORD [-18+EBP]
   157 00000184 83 E8 03                        	SUB	EAX,3
   158 00000187 50                              	PUSH	EAX
   159 00000188 6A 02                           	PUSH	2
   160 0000018A 6A 00                           	PUSH	0
   161 0000018C 0F BF 45 EC                     	MOVSX	EAX,WORD [-20+EBP]
   162 00000190 50                              	PUSH	EAX
   163 00000191 FF 75 F0                        	PUSH	DWORD [-16+EBP]
   164 00000194 E8 000001D4                     	CALL	_boxfill8
   165 00000199 83 C4 20                        	ADD	ESP,32
   166 0000019C 83 EC 04                        	SUB	ESP,4
   167 0000019F 0F BF 45 EE                     	MOVSX	EAX,WORD [-18+EBP]
   168 000001A3 83 E8 03                        	SUB	EAX,3
   169 000001A6 50                              	PUSH	EAX
   170 000001A7 6A 3C                           	PUSH	60
   171 000001A9 0F BF 45 EE                     	MOVSX	EAX,WORD [-18+EBP]
   172 000001AD 83 E8 18                        	SUB	EAX,24
   173 000001B0 50                              	PUSH	EAX
   174 000001B1 6A 3C                           	PUSH	60
   175 000001B3 6A 00                           	PUSH	0
   176 000001B5 0F BF 45 EC                     	MOVSX	EAX,WORD [-20+EBP]
   177 000001B9 50                              	PUSH	EAX
   178 000001BA FF 75 F0                        	PUSH	DWORD [-16+EBP]
   179 000001BD E8 000001AB                     	CALL	_boxfill8
   180 000001C2 83 C4 20                        	ADD	ESP,32
   181 000001C5 83 EC 04                        	SUB	ESP,4
   182 000001C8 0F BF 45 EE                     	MOVSX	EAX,WORD [-18+EBP]
   183 000001CC 83 E8 18                        	SUB	EAX,24
   184 000001CF 50                              	PUSH	EAX
   185 000001D0 0F BF 45 EC                     	MOVSX	EAX,WORD [-20+EBP]
   186 000001D4 83 E8 04                        	SUB	EAX,4
   187 000001D7 50                              	PUSH	EAX
   188 000001D8 0F BF 45 EE                     	MOVSX	EAX,WORD [-18+EBP]
   189 000001DC 83 E8 18                        	SUB	EAX,24
   190 000001DF 50                              	PUSH	EAX
   191 000001E0 0F BF 45 EC                     	MOVSX	EAX,WORD [-20+EBP]
   192 000001E4 83 E8 2F                        	SUB	EAX,47
   193 000001E7 50                              	PUSH	EAX
   194 000001E8 6A 0F                           	PUSH	15
   195 000001EA 0F BF 45 EC                     	MOVSX	EAX,WORD [-20+EBP]
   196 000001EE 50                              	PUSH	EAX
   197 000001EF FF 75 F0                        	PUSH	DWORD [-16+EBP]
   198 000001F2 E8 00000176                     	CALL	_boxfill8
   199 000001F7 83 C4 20                        	ADD	ESP,32
   200 000001FA 83 EC 04                        	SUB	ESP,4
   201 000001FD 0F BF 45 EE                     	MOVSX	EAX,WORD [-18+EBP]
   202 00000201 83 E8 04                        	SUB	EAX,4
   203 00000204 50                              	PUSH	EAX
   204 00000205 0F BF 45 EC                     	MOVSX	EAX,WORD [-20+EBP]
   205 00000209 83 E8 2F                        	SUB	EAX,47
   206 0000020C 50                              	PUSH	EAX
   207 0000020D 0F BF 45 EE                     	MOVSX	EAX,WORD [-18+EBP]
   208 00000211 83 E8 17                        	SUB	EAX,23
   209 00000214 50                              	PUSH	EAX
   210 00000215 0F BF 45 EC                     	MOVSX	EAX,WORD [-20+EBP]
   211 00000219 83 E8 2F                        	SUB	EAX,47
   212 0000021C 50                              	PUSH	EAX
   213 0000021D 6A 0F                           	PUSH	15
   214 0000021F 0F BF 45 EC                     	MOVSX	EAX,WORD [-20+EBP]
   215 00000223 50                              	PUSH	EAX
   216 00000224 FF 75 F0                        	PUSH	DWORD [-16+EBP]
   217 00000227 E8 00000141                     	CALL	_boxfill8
   218 0000022C 83 C4 20                        	ADD	ESP,32
   219 0000022F 83 EC 04                        	SUB	ESP,4
   220 00000232 0F BF 45 EE                     	MOVSX	EAX,WORD [-18+EBP]
   221 00000236 83 E8 03                        	SUB	EAX,3
   222 00000239 50                              	PUSH	EAX
   223 0000023A 0F BF 45 EC                     	MOVSX	EAX,WORD [-20+EBP]
   224 0000023E 83 E8 04                        	SUB	EAX,4
   225 00000241 50                              	PUSH	EAX
   226 00000242 0F BF 45 EE                     	MOVSX	EAX,WORD [-18+EBP]
   227 00000246 83 E8 03                        	SUB	EAX,3
   228 00000249 50                              	PUSH	EAX
   229 0000024A 0F BF 45 EC                     	MOVSX	EAX,WORD [-20+EBP]
   230 0000024E 83 E8 2F                        	SUB	EAX,47
   231 00000251 50                              	PUSH	EAX
   232 00000252 6A 07                           	PUSH	7
   233 00000254 0F BF 45 EC                     	MOVSX	EAX,WORD [-20+EBP]
   234 00000258 50                              	PUSH	EAX
   235 00000259 FF 75 F0                        	PUSH	DWORD [-16+EBP]
   236 0000025C E8 0000010C                     	CALL	_boxfill8
   237 00000261 83 C4 20                        	ADD	ESP,32
   238 00000264 83 EC 04                        	SUB	ESP,4
   239 00000267 0F BF 45 EE                     	MOVSX	EAX,WORD [-18+EBP]
   240 0000026B 83 E8 03                        	SUB	EAX,3
   241 0000026E 50                              	PUSH	EAX
   242 0000026F 0F BF 45 EC                     	MOVSX	EAX,WORD [-20+EBP]
   243 00000273 83 E8 03                        	SUB	EAX,3
   244 00000276 50                              	PUSH	EAX
   245 00000277 0F BF 45 EE                     	MOVSX	EAX,WORD [-18+EBP]
   246 0000027B 83 E8 18                        	SUB	EAX,24
   247 0000027E 50                              	PUSH	EAX
   248 0000027F 0F BF 45 EC                     	MOVSX	EAX,WORD [-20+EBP]
   249 00000283 83 E8 03                        	SUB	EAX,3
   250 00000286 50                              	PUSH	EAX
   251 00000287 6A 07                           	PUSH	7
   252 00000289 0F BF 45 EC                     	MOVSX	EAX,WORD [-20+EBP]
   253 0000028D 50                              	PUSH	EAX
   254 0000028E FF 75 F0                        	PUSH	DWORD [-16+EBP]
   255 00000291 E8 000000D7                     	CALL	_boxfill8
   256 00000296 83 C4 20                        	ADD	ESP,32
   257 00000299                                 L2:
   258 00000299 E8 [00000000]                   	CALL	_io_hlt
   259 0000029E EB F9                           	JMP	L2
   260                                          [SECTION .data]
   261 00000000                                 _table_rgb.0:
   262 00000000 00                              	DB	0
   263 00000001 00                              	DB	0
   264 00000002 00                              	DB	0
   265 00000003 FF                              	DB	-1
   266 00000004 00                              	DB	0
   267 00000005 00                              	DB	0
   268 00000006 00                              	DB	0
   269 00000007 FF                              	DB	-1
   270 00000008 00                              	DB	0
   271 00000009 FF                              	DB	-1
   272 0000000A FF                              	DB	-1
   273 0000000B 00                              	DB	0
   274 0000000C 00                              	DB	0
   275 0000000D 00                              	DB	0
   276 0000000E FF                              	DB	-1
   277 0000000F FF                              	DB	-1
   278 00000010 00                              	DB	0
   279 00000011 FF                              	DB	-1
   280 00000012 00                              	DB	0
   281 00000013 FF                              	DB	-1
   282 00000014 FF                              	DB	-1
   283 00000015 FF                              	DB	-1
   284 00000016 FF                              	DB	-1
   285 00000017 FF                              	DB	-1
   286 00000018 C6                              	DB	-58
   287 00000019 C6                              	DB	-58
   288 0000001A C6                              	DB	-58
   289 0000001B 84                              	DB	-124
   290 0000001C 00                              	DB	0
   291 0000001D 00                              	DB	0
   292 0000001E 00                              	DB	0
   293 0000001F 84                              	DB	-124
   294 00000020 00                              	DB	0
   295 00000021 84                              	DB	-124
   296 00000022 84                              	DB	-124
   297 00000023 00                              	DB	0
   298 00000024 00                              	DB	0
   299 00000025 00                              	DB	0
   300 00000026 84                              	DB	-124
   301 00000027 84                              	DB	-124
   302 00000028 00                              	DB	0
   303 00000029 84                              	DB	-124
   304 0000002A 00                              	DB	0
   305 0000002B 84                              	DB	-124
   306 0000002C 84                              	DB	-124
   307 0000002D 84                              	DB	-124
   308 0000002E 84                              	DB	-124
   309 0000002F 84                              	DB	-124
   310                                          [SECTION .text]
   311 000002A0                                 	GLOBAL	_init_palette
   312 000002A0                                 _init_palette:
   313 000002A0 55                              	PUSH	EBP
   314 000002A1 89 E5                           	MOV	EBP,ESP
   315 000002A3 83 EC 08                        	SUB	ESP,8
   316 000002A6 83 EC 04                        	SUB	ESP,4
   317 000002A9 68 [00000000]                   	PUSH	_table_rgb.0
   318 000002AE 6A 0F                           	PUSH	15
   319 000002B0 6A 00                           	PUSH	0
   320 000002B2 E8 00000005                     	CALL	_set_palette
   321 000002B7 83 C4 10                        	ADD	ESP,16
   322 000002BA C9                              	LEAVE
   323 000002BB C3                              	RET
   324 000002BC                                 	GLOBAL	_set_palette
   325 000002BC                                 _set_palette:
   326 000002BC 55                              	PUSH	EBP
   327 000002BD 89 E5                           	MOV	EBP,ESP
   328 000002BF 83 EC 08                        	SUB	ESP,8
   329 000002C2 E8 [00000000]                   	CALL	_io_load_eflags
   330 000002C7 89 45 F8                        	MOV	DWORD [-8+EBP],EAX
   331 000002CA E8 [00000000]                   	CALL	_io_cli
   332 000002CF 83 EC 08                        	SUB	ESP,8
   333 000002D2 FF 75 08                        	PUSH	DWORD [8+EBP]
   334 000002D5 68 000003C8                     	PUSH	968
   335 000002DA E8 [00000000]                   	CALL	_io_out8
   336 000002DF 83 C4 10                        	ADD	ESP,16
   337 000002E2 8B 45 08                        	MOV	EAX,DWORD [8+EBP]
   338 000002E5 89 45 FC                        	MOV	DWORD [-4+EBP],EAX
   339 000002E8                                 L7:
   340 000002E8 8B 45 FC                        	MOV	EAX,DWORD [-4+EBP]
   341 000002EB 3B 45 0C                        	CMP	EAX,DWORD [12+EBP]
   342 000002EE 7E 02                           	JLE	L10
   343 000002F0 EB 6B                           	JMP	L8
   344 000002F2                                 L10:
   345 000002F2 83 EC 08                        	SUB	ESP,8
   346 000002F5 8B 45 10                        	MOV	EAX,DWORD [16+EBP]
   347 000002F8 8A 00                           	MOV	AL,BYTE [EAX]
   348 000002FA C0 E8 02                        	SHR	AL,2
   349 000002FD 25 000000FF                     	AND	EAX,255
   350 00000302 50                              	PUSH	EAX
   351 00000303 68 000003C9                     	PUSH	969
   352 00000308 E8 [00000000]                   	CALL	_io_out8
   353 0000030D 83 C4 10                        	ADD	ESP,16
   354 00000310 83 EC 08                        	SUB	ESP,8
   355 00000313 8B 45 10                        	MOV	EAX,DWORD [16+EBP]
   356 00000316 40                              	INC	EAX
   357 00000317 8A 00                           	MOV	AL,BYTE [EAX]
   358 00000319 C0 E8 02                        	SHR	AL,2
   359 0000031C 25 000000FF                     	AND	EAX,255
   360 00000321 50                              	PUSH	EAX
   361 00000322 68 000003C9                     	PUSH	969
   362 00000327 E8 [00000000]                   	CALL	_io_out8
   363 0000032C 83 C4 10                        	ADD	ESP,16
   364 0000032F 83 EC 08                        	SUB	ESP,8
   365 00000332 8B 45 10                        	MOV	EAX,DWORD [16+EBP]
   366 00000335 83 C0 02                        	ADD	EAX,2
   367 00000338 8A 00                           	MOV	AL,BYTE [EAX]
   368 0000033A C0 E8 02                        	SHR	AL,2
   369 0000033D 25 000000FF                     	AND	EAX,255
   370 00000342 50                              	PUSH	EAX
   371 00000343 68 000003C9                     	PUSH	969
   372 00000348 E8 [00000000]                   	CALL	_io_out8
   373 0000034D 83 C4 10                        	ADD	ESP,16
   374 00000350 8D 45 10                        	LEA	EAX,DWORD [16+EBP]
   375 00000353 83 00 03                        	ADD	DWORD [EAX],3
   376 00000356 8D 45 FC                        	LEA	EAX,DWORD [-4+EBP]
   377 00000359 FF 00                           	INC	DWORD [EAX]
   378 0000035B EB 8B                           	JMP	L7
   379 0000035D                                 L8:
   380 0000035D 83 EC 0C                        	SUB	ESP,12
   381 00000360 FF 75 F8                        	PUSH	DWORD [-8+EBP]
   382 00000363 E8 [00000000]                   	CALL	_io_store_eflags
   383 00000368 83 C4 10                        	ADD	ESP,16
   384 0000036B C9                              	LEAVE
   385 0000036C C3                              	RET
   386 0000036D                                 	GLOBAL	_boxfill8
   387 0000036D                                 _boxfill8:
   388 0000036D 55                              	PUSH	EBP
   389 0000036E 89 E5                           	MOV	EBP,ESP
   390 00000370 83 EC 0C                        	SUB	ESP,12
   391 00000373 8B 45 10                        	MOV	EAX,DWORD [16+EBP]
   392 00000376 88 45 FF                        	MOV	BYTE [-1+EBP],AL
   393 00000379 8B 45 18                        	MOV	EAX,DWORD [24+EBP]
   394 0000037C 89 45 F4                        	MOV	DWORD [-12+EBP],EAX
   395 0000037F                                 L12:
   396 0000037F 8B 45 F4                        	MOV	EAX,DWORD [-12+EBP]
   397 00000382 3B 45 20                        	CMP	EAX,DWORD [32+EBP]
   398 00000385 7E 02                           	JLE	L15
   399 00000387 EB 32                           	JMP	L11
   400 00000389                                 L15:
   401 00000389 8B 45 14                        	MOV	EAX,DWORD [20+EBP]
   402 0000038C 89 45 F8                        	MOV	DWORD [-8+EBP],EAX
   403 0000038F                                 L16:
   404 0000038F 8B 45 F8                        	MOV	EAX,DWORD [-8+EBP]
   405 00000392 3B 45 1C                        	CMP	EAX,DWORD [28+EBP]
   406 00000395 7E 02                           	JLE	L19
   407 00000397 EB 1B                           	JMP	L14
   408 00000399                                 L19:
   409 00000399 8B 45 F4                        	MOV	EAX,DWORD [-12+EBP]
   410 0000039C 0F AF 45 0C                     	IMUL	EAX,DWORD [12+EBP]
   411 000003A0 03 45 F8                        	ADD	EAX,DWORD [-8+EBP]
   412 000003A3 89 C2                           	MOV	EDX,EAX
   413 000003A5 03 55 08                        	ADD	EDX,DWORD [8+EBP]
   414 000003A8 8A 45 FF                        	MOV	AL,BYTE [-1+EBP]
   415 000003AB 88 02                           	MOV	BYTE [EDX],AL
   416 000003AD 8D 45 F8                        	LEA	EAX,DWORD [-8+EBP]
   417 000003B0 FF 00                           	INC	DWORD [EAX]
   418 000003B2 EB DB                           	JMP	L16
   419 000003B4                                 L14:
   420 000003B4 8D 45 F4                        	LEA	EAX,DWORD [-12+EBP]
   421 000003B7 FF 00                           	INC	DWORD [EAX]
   422 000003B9 EB C4                           	JMP	L12
   423 000003BB                                 L11:
   424 000003BB C9                              	LEAVE
   425 000003BC C3                              	RET
