     1 00000000                                 [FORMAT "WCOFF"]
     2 00000000                                 [INSTRSET "i486p"]
     3 00000000                                 [BITS 32]
     4 00000000                                 [FILE "eflagsNask.nas"]
     5 00000000                                 
     6 00000000                                 GLOBAL  _io_cli, _io_sti
     7 00000000                                 GLOBAL	_load_eflags, _store_eflags
     8 00000000                                 
     9                                          [SECTION .text]
    10 00000000                                 
    11 00000000                                 _io_cli:	; void io_cli();
    12 00000000 FA                              		CLI
    13 00000001 C3                              		RET
    14 00000002                                 
    15 00000002                                 _io_sti:	; void io_sti();
    16 00000002 FB                              		STI
    17 00000003 C3                              		RET
    18 00000004                                 
    19 00000004                                 _load_eflags:	; int io_load_eflags();
    20 00000004 9C                              		PUSHFD		; PUSH EFLAGS
    21 00000005 58                              		POP		EAX
    22 00000006 C3                              		RET
    23 00000007                                 
    24 00000007                                 _store_eflags:	; void io_store_eflags(int eflags);
    25 00000007 8B 44 24 04                     		MOV		EAX,[ESP+4]
    26 0000000B 50                              		PUSH	EAX
    27 0000000C 9D                              		POPFD		; POP  EFLAGS
    28 0000000D C3                              		RET