     1 00000000                                 [FORMAT "WCOFF"]
     2 00000000                                 [INSTRSET "i486p"]
     3 00000000                                 [OPTIMIZE 1]
     4 00000000                                 [OPTION 1]
     5 00000000                                 [BITS 32]
     6 00000000                                 	EXTERN	_load_eflags
     7 00000000                                 	EXTERN	_io_cli
     8 00000000                                 	EXTERN	_io_out8
     9 00000000                                 	EXTERN	_store_eflags
    10 00000000                                 [FILE "graphic.c"]
    11 00000000                                 	GLOBAL	_memMan
    12                                          [SECTION .data]
    13 00000000                                 	ALIGNB	4
    14 00000000                                 _memMan:
    15 00000000 003C0000                        	DD	3932160
    16 00000004                                 _table_palette.0:
    17 00000004 00                              	DB	0
    18 00000005 00                              	DB	0
    19 00000006 00                              	DB	0
    20 00000007 FF                              	DB	-1
    21 00000008 00                              	DB	0
    22 00000009 00                              	DB	0
    23 0000000A 00                              	DB	0
    24 0000000B FF                              	DB	-1
    25 0000000C 00                              	DB	0
    26 0000000D FF                              	DB	-1
    27 0000000E FF                              	DB	-1
    28 0000000F 00                              	DB	0
    29 00000010 00                              	DB	0
    30 00000011 00                              	DB	0
    31 00000012 FF                              	DB	-1
    32 00000013 FF                              	DB	-1
    33 00000014 00                              	DB	0
    34 00000015 FF                              	DB	-1
    35 00000016 00                              	DB	0
    36 00000017 FF                              	DB	-1
    37 00000018 FF                              	DB	-1
    38 00000019 FF                              	DB	-1
    39 0000001A FF                              	DB	-1
    40 0000001B FF                              	DB	-1
    41 0000001C C6                              	DB	-58
    42 0000001D C6                              	DB	-58
    43 0000001E C6                              	DB	-58
    44 0000001F 84                              	DB	-124
    45 00000020 00                              	DB	0
    46 00000021 00                              	DB	0
    47 00000022 00                              	DB	0
    48 00000023 84                              	DB	-124
    49 00000024 00                              	DB	0
    50 00000025 84                              	DB	-124
    51 00000026 84                              	DB	-124
    52 00000027 00                              	DB	0
    53 00000028 00                              	DB	0
    54 00000029 00                              	DB	0
    55 0000002A 84                              	DB	-124
    56 0000002B 84                              	DB	-124
    57 0000002C 00                              	DB	0
    58 0000002D 84                              	DB	-124
    59 0000002E 00                              	DB	0
    60 0000002F 84                              	DB	-124
    61 00000030 84                              	DB	-124
    62 00000031 84                              	DB	-124
    63 00000032 84                              	DB	-124
    64 00000033 84                              	DB	-124
    65                                          [SECTION .text]
    66 00000000                                 	GLOBAL	_init_palette
    67 00000000                                 _init_palette:
    68 00000000 55                              	PUSH	EBP
    69 00000001 89 E5                           	MOV	EBP,ESP
    70 00000003 83 EC 08                        	SUB	ESP,8
    71 00000006 83 EC 04                        	SUB	ESP,4
    72 00000009 6A 0F                           	PUSH	15
    73 0000000B 6A 00                           	PUSH	0
    74 0000000D 68 [00000004]                   	PUSH	_table_palette.0
    75 00000012 E8 00000005                     	CALL	_set_palette
    76 00000017 83 C4 10                        	ADD	ESP,16
    77 0000001A C9                              	LEAVE
    78 0000001B C3                              	RET
    79 0000001C                                 	GLOBAL	_set_palette
    80 0000001C                                 _set_palette:
    81 0000001C 55                              	PUSH	EBP
    82 0000001D 89 E5                           	MOV	EBP,ESP
    83 0000001F 83 EC 08                        	SUB	ESP,8
    84 00000022 E8 [00000000]                   	CALL	_load_eflags
    85 00000027 89 45 FC                        	MOV	DWORD [-4+EBP],EAX
    86 0000002A E8 [00000000]                   	CALL	_io_cli
    87 0000002F 83 EC 08                        	SUB	ESP,8
    88 00000032 FF 75 0C                        	PUSH	DWORD [12+EBP]
    89 00000035 68 000003C8                     	PUSH	968
    90 0000003A E8 [00000000]                   	CALL	_io_out8
    91 0000003F 83 C4 10                        	ADD	ESP,16
    92 00000042 8B 45 0C                        	MOV	EAX,DWORD [12+EBP]
    93 00000045 89 45 F8                        	MOV	DWORD [-8+EBP],EAX
    94 00000048                                 L3:
    95 00000048 8B 45 F8                        	MOV	EAX,DWORD [-8+EBP]
    96 0000004B 3B 45 10                        	CMP	EAX,DWORD [16+EBP]
    97 0000004E 76 02                           	JBE	L6
    98 00000050 EB 69                           	JMP	L4
    99 00000052                                 L6:
   100 00000052 83 EC 08                        	SUB	ESP,8
   101 00000055 8B 45 08                        	MOV	EAX,DWORD [8+EBP]
   102 00000058 8A 00                           	MOV	AL,BYTE [EAX]
   103 0000005A C0 E8 02                        	SHR	AL,2
   104 0000005D 25 000000FF                     	AND	EAX,255
   105 00000062 50                              	PUSH	EAX
   106 00000063 68 000003C9                     	PUSH	969
   107 00000068 E8 [00000000]                   	CALL	_io_out8
   108 0000006D 83 C4 10                        	ADD	ESP,16
   109 00000070 83 EC 08                        	SUB	ESP,8
   110 00000073 8B 45 08                        	MOV	EAX,DWORD [8+EBP]
   111 00000076 40                              	INC	EAX
   112 00000077 8A 00                           	MOV	AL,BYTE [EAX]
   113 00000079 C0 E8 02                        	SHR	AL,2
   114 0000007C 25 000000FF                     	AND	EAX,255
   115 00000081 50                              	PUSH	EAX
   116 00000082 68 000003C9                     	PUSH	969
   117 00000087 E8 [00000000]                   	CALL	_io_out8
   118 0000008C 83 C4 10                        	ADD	ESP,16
   119 0000008F 83 EC 08                        	SUB	ESP,8
   120 00000092 8B 45 08                        	MOV	EAX,DWORD [8+EBP]
   121 00000095 83 C0 02                        	ADD	EAX,2
   122 00000098 8A 00                           	MOV	AL,BYTE [EAX]
   123 0000009A C0 E8 02                        	SHR	AL,2
   124 0000009D 25 000000FF                     	AND	EAX,255
   125 000000A2 50                              	PUSH	EAX
   126 000000A3 68 000003C9                     	PUSH	969
   127 000000A8 E8 [00000000]                   	CALL	_io_out8
   128 000000AD 83 C4 10                        	ADD	ESP,16
   129 000000B0 8D 45 F8                        	LEA	EAX,DWORD [-8+EBP]
   130 000000B3 FF 00                           	INC	DWORD [EAX]
   131 000000B5 83 45 08 03                     	ADD	DWORD [8+EBP],3
   132 000000B9 EB 8D                           	JMP	L3
   133 000000BB                                 L4:
   134 000000BB 83 EC 0C                        	SUB	ESP,12
   135 000000BE FF 75 FC                        	PUSH	DWORD [-4+EBP]
   136 000000C1 E8 [00000000]                   	CALL	_store_eflags
   137 000000C6 83 C4 10                        	ADD	ESP,16
   138 000000C9 C9                              	LEAVE
   139 000000CA C3                              	RET
   140 000000CB                                 	GLOBAL	_putFont8
   141 000000CB                                 _putFont8:
   142 000000CB 55                              	PUSH	EBP
   143 000000CC 89 E5                           	MOV	EBP,ESP
   144 000000CE 83 EC 0C                        	SUB	ESP,12
   145 000000D1 8B 45 0C                        	MOV	EAX,DWORD [12+EBP]
   146 000000D4 88 45 FF                        	MOV	BYTE [-1+EBP],AL
   147 000000D7 C6 45 FE 00                     	MOV	BYTE [-2+EBP],0
   148 000000DB                                 L8:
   149 000000DB 80 7D FE 0F                     	CMP	BYTE [-2+EBP],15
   150 000000DF 76 05                           	JBE	L11
   151 000000E1 E9 000000C4                     	JMP	L7
   152 000000E6                                 L11:
   153 000000E6 B8 00000000                     	MOV	EAX,0
   154 000000EB 8A 45 FE                        	MOV	AL,BYTE [-2+EBP]
   155 000000EE 89 C2                           	MOV	EDX,EAX
   156 000000F0 03 55 14                        	ADD	EDX,DWORD [20+EBP]
   157 000000F3 8B 45 08                        	MOV	EAX,DWORD [8+EBP]
   158 000000F6 3B 50 0C                        	CMP	EDX,DWORD [12+EAX]
   159 000000F9 7C 05                           	JL	L12
   160 000000FB E9 000000AA                     	JMP	L7
   161 00000100                                 L12:
   162 00000100 B8 00000000                     	MOV	EAX,0
   163 00000105 8A 45 FE                        	MOV	AL,BYTE [-2+EBP]
   164 00000108 03 45 14                        	ADD	EAX,DWORD [20+EBP]
   165 0000010B 85 C0                           	TEST	EAX,EAX
   166 0000010D 79 05                           	JNS	L13
   167 0000010F E9 0000008C                     	JMP	L10
   168 00000114                                 L13:
   169 00000114 8B 4D 08                        	MOV	ECX,DWORD [8+EBP]
   170 00000117 B8 00000000                     	MOV	EAX,0
   171 0000011C 8A 45 FE                        	MOV	AL,BYTE [-2+EBP]
   172 0000011F 89 C2                           	MOV	EDX,EAX
   173 00000121 03 55 14                        	ADD	EDX,DWORD [20+EBP]
   174 00000124 8B 45 08                        	MOV	EAX,DWORD [8+EBP]
   175 00000127 0F AF 50 08                     	IMUL	EDX,DWORD [8+EAX]
   176 0000012B 89 D0                           	MOV	EAX,EDX
   177 0000012D 03 41 10                        	ADD	EAX,DWORD [16+ECX]
   178 00000130 03 45 10                        	ADD	EAX,DWORD [16+EBP]
   179 00000133 89 45 F8                        	MOV	DWORD [-8+EBP],EAX
   180 00000136 BA 00000000                     	MOV	EDX,0
   181 0000013B 8A 55 FE                        	MOV	DL,BYTE [-2+EBP]
   182 0000013E 8B 45 18                        	MOV	EAX,DWORD [24+EBP]
   183 00000141 8A 04 02                        	MOV	AL,BYTE [EDX+EAX*1]
   184 00000144 88 45 F7                        	MOV	BYTE [-9+EBP],AL
   185 00000147 C6 45 F6 00                     	MOV	BYTE [-10+EBP],0
   186 0000014B                                 L14:
   187 0000014B 80 7D F6 07                     	CMP	BYTE [-10+EBP],7
   188 0000014F 76 02                           	JBE	L17
   189 00000151 EB 4D                           	JMP	L10
   190 00000153                                 L17:
   191 00000153 B8 00000000                     	MOV	EAX,0
   192 00000158 8A 45 F6                        	MOV	AL,BYTE [-10+EBP]
   193 0000015B 89 C2                           	MOV	EDX,EAX
   194 0000015D 03 55 10                        	ADD	EDX,DWORD [16+EBP]
   195 00000160 8B 45 08                        	MOV	EAX,DWORD [8+EBP]
   196 00000163 3B 50 08                        	CMP	EDX,DWORD [8+EAX]
   197 00000166 7C 02                           	JL	L18
   198 00000168 EB 36                           	JMP	L10
   199 0000016A                                 L18:
   200 0000016A B8 00000000                     	MOV	EAX,0
   201 0000016F 8A 45 F6                        	MOV	AL,BYTE [-10+EBP]
   202 00000172 03 45 10                        	ADD	EAX,DWORD [16+EBP]
   203 00000175 85 C0                           	TEST	EAX,EAX
   204 00000177 78 1B                           	JS	L16
   205 00000179 8A 45 F7                        	MOV	AL,BYTE [-9+EBP]
   206 0000017C 83 E0 80                        	AND	EAX,-128
   207 0000017F 84 C0                           	TEST	AL,AL
   208 00000181 74 11                           	JE	L16
   209 00000183 B9 00000000                     	MOV	ECX,0
   210 00000188 8A 4D F6                        	MOV	CL,BYTE [-10+EBP]
   211 0000018B 8B 55 F8                        	MOV	EDX,DWORD [-8+EBP]
   212 0000018E 8A 45 FF                        	MOV	AL,BYTE [-1+EBP]
   213 00000191 88 04 11                        	MOV	BYTE [ECX+EDX*1],AL
   214 00000194                                 L16:
   215 00000194 8D 45 F6                        	LEA	EAX,DWORD [-10+EBP]
   216 00000197 FE 00                           	INC	BYTE [EAX]
   217 00000199 8D 45 F7                        	LEA	EAX,DWORD [-9+EBP]
   218 0000019C D0 20                           	SAL	BYTE [EAX],1
   219 0000019E EB AB                           	JMP	L14
   220 000001A0                                 L10:
   221 000001A0 8D 45 FE                        	LEA	EAX,DWORD [-2+EBP]
   222 000001A3 FE 00                           	INC	BYTE [EAX]
   223 000001A5 E9 FFFFFF31                     	JMP	L8
   224 000001AA                                 L7:
   225 000001AA C9                              	LEAVE
   226 000001AB C3                              	RET
   227 000001AC                                 	GLOBAL	_putFonts8
   228 000001AC                                 _putFonts8:
   229 000001AC 55                              	PUSH	EBP
   230 000001AD 89 E5                           	MOV	EBP,ESP
   231 000001AF 83 EC 08                        	SUB	ESP,8
   232 000001B2 8B 45 0C                        	MOV	EAX,DWORD [12+EBP]
   233 000001B5 88 45 FF                        	MOV	BYTE [-1+EBP],AL
   234 000001B8                                 L22:
   235 000001B8 8B 45 18                        	MOV	EAX,DWORD [24+EBP]
   236 000001BB 80 38 00                        	CMP	BYTE [EAX],0
   237 000001BE 75 02                           	JNE	L25
   238 000001C0 EB 37                           	JMP	L21
   239 000001C2                                 L25:
   240 000001C2 83 EC 0C                        	SUB	ESP,12
   241 000001C5 8B 45 18                        	MOV	EAX,DWORD [24+EBP]
   242 000001C8 0F BE 00                        	MOVSX	EAX,BYTE [EAX]
   243 000001CB C1 E0 04                        	SAL	EAX,4
   244 000001CE 03 45 1C                        	ADD	EAX,DWORD [28+EBP]
   245 000001D1 50                              	PUSH	EAX
   246 000001D2 FF 75 14                        	PUSH	DWORD [20+EBP]
   247 000001D5 FF 75 10                        	PUSH	DWORD [16+EBP]
   248 000001D8 B8 00000000                     	MOV	EAX,0
   249 000001DD 8A 45 FF                        	MOV	AL,BYTE [-1+EBP]
   250 000001E0 50                              	PUSH	EAX
   251 000001E1 FF 75 08                        	PUSH	DWORD [8+EBP]
   252 000001E4 E8 FFFFFEE2                     	CALL	_putFont8
   253 000001E9 83 C4 20                        	ADD	ESP,32
   254 000001EC 8D 45 18                        	LEA	EAX,DWORD [24+EBP]
   255 000001EF FF 00                           	INC	DWORD [EAX]
   256 000001F1 8D 45 10                        	LEA	EAX,DWORD [16+EBP]
   257 000001F4 83 00 08                        	ADD	DWORD [EAX],8
   258 000001F7 EB BF                           	JMP	L22
   259 000001F9                                 L21:
   260 000001F9 C9                              	LEAVE
   261 000001FA C3                              	RET
   262 000001FB                                 	GLOBAL	_boxfill8
   263 000001FB                                 _boxfill8:
   264 000001FB 55                              	PUSH	EBP
   265 000001FC 89 E5                           	MOV	EBP,ESP
   266 000001FE 83 EC 0C                        	SUB	ESP,12
   267 00000201 8B 45 0C                        	MOV	EAX,DWORD [12+EBP]
   268 00000204 88 45 FF                        	MOV	BYTE [-1+EBP],AL
   269 00000207 8B 45 14                        	MOV	EAX,DWORD [20+EBP]
   270 0000020A 89 45 F4                        	MOV	DWORD [-12+EBP],EAX
   271 0000020D                                 L27:
   272 0000020D 8B 45 F4                        	MOV	EAX,DWORD [-12+EBP]
   273 00000210 3B 45 1C                        	CMP	EAX,DWORD [28+EBP]
   274 00000213 7E 02                           	JLE	L30
   275 00000215 EB 38                           	JMP	L26
   276 00000217                                 L30:
   277 00000217 8B 45 10                        	MOV	EAX,DWORD [16+EBP]
   278 0000021A 89 45 F8                        	MOV	DWORD [-8+EBP],EAX
   279 0000021D                                 L31:
   280 0000021D 8B 45 F8                        	MOV	EAX,DWORD [-8+EBP]
   281 00000220 3B 45 18                        	CMP	EAX,DWORD [24+EBP]
   282 00000223 7E 02                           	JLE	L34
   283 00000225 EB 21                           	JMP	L29
   284 00000227                                 L34:
   285 00000227 8B 4D 08                        	MOV	ECX,DWORD [8+EBP]
   286 0000022A 8B 55 08                        	MOV	EDX,DWORD [8+EBP]
   287 0000022D 8B 45 F4                        	MOV	EAX,DWORD [-12+EBP]
   288 00000230 0F AF 42 08                     	IMUL	EAX,DWORD [8+EDX]
   289 00000234 03 45 F8                        	ADD	EAX,DWORD [-8+EBP]
   290 00000237 89 C2                           	MOV	EDX,EAX
   291 00000239 03 51 10                        	ADD	EDX,DWORD [16+ECX]
   292 0000023C 8A 45 FF                        	MOV	AL,BYTE [-1+EBP]
   293 0000023F 88 02                           	MOV	BYTE [EDX],AL
   294 00000241 8D 45 F8                        	LEA	EAX,DWORD [-8+EBP]
   295 00000244 FF 00                           	INC	DWORD [EAX]
   296 00000246 EB D5                           	JMP	L31
   297 00000248                                 L29:
   298 00000248 8D 45 F4                        	LEA	EAX,DWORD [-12+EBP]
   299 0000024B FF 00                           	INC	DWORD [EAX]
   300 0000024D EB BE                           	JMP	L27
   301 0000024F                                 L26:
   302 0000024F C9                              	LEAVE
   303 00000250 C3                              	RET
   304 00000251                                 	GLOBAL	_init_screen
   305 00000251                                 _init_screen:
   306 00000251 55                              	PUSH	EBP
   307 00000252 89 E5                           	MOV	EBP,ESP
   308 00000254 83 EC 08                        	SUB	ESP,8
   309 00000257 C7 45 FC 000FFFFF               	MOV	DWORD [-4+EBP],1048575
   310 0000025E 8B 45 FC                        	MOV	EAX,DWORD [-4+EBP]
   311 00000261 C7 00 00000000                  	MOV	DWORD [EAX],0
   312 00000267 8B 45 FC                        	MOV	EAX,DWORD [-4+EBP]
   313 0000026A C7 40 04 00000000               	MOV	DWORD [4+EAX],0
   314 00000271 8B 55 FC                        	MOV	EDX,DWORD [-4+EBP]
   315 00000274 8B 45 08                        	MOV	EAX,DWORD [8+EBP]
   316 00000277 8B 00                           	MOV	EAX,DWORD [EAX]
   317 00000279 89 42 08                        	MOV	DWORD [8+EDX],EAX
   318 0000027C 8B 55 FC                        	MOV	EDX,DWORD [-4+EBP]
   319 0000027F 8B 45 08                        	MOV	EAX,DWORD [8+EBP]
   320 00000282 8B 40 04                        	MOV	EAX,DWORD [4+EAX]
   321 00000285 89 42 0C                        	MOV	DWORD [12+EDX],EAX
   322 00000288 8B 55 FC                        	MOV	EDX,DWORD [-4+EBP]
   323 0000028B 8B 45 08                        	MOV	EAX,DWORD [8+EBP]
   324 0000028E 8B 40 08                        	MOV	EAX,DWORD [8+EAX]
   325 00000291 89 42 10                        	MOV	DWORD [16+EDX],EAX
   326 00000294 8B 45 FC                        	MOV	EAX,DWORD [-4+EBP]
   327 00000297 C7 40 14 00000000               	MOV	DWORD [20+EAX],0
   328 0000029E 83 EC 08                        	SUB	ESP,8
   329 000002A1 8B 45 FC                        	MOV	EAX,DWORD [-4+EBP]
   330 000002A4 8B 40 0C                        	MOV	EAX,DWORD [12+EAX]
   331 000002A7 83 E8 1D                        	SUB	EAX,29
   332 000002AA 50                              	PUSH	EAX
   333 000002AB 8B 45 FC                        	MOV	EAX,DWORD [-4+EBP]
   334 000002AE 8B 40 08                        	MOV	EAX,DWORD [8+EAX]
   335 000002B1 48                              	DEC	EAX
   336 000002B2 50                              	PUSH	EAX
   337 000002B3 6A 00                           	PUSH	0
   338 000002B5 6A 00                           	PUSH	0
   339 000002B7 6A 0E                           	PUSH	14
   340 000002B9 FF 75 FC                        	PUSH	DWORD [-4+EBP]
   341 000002BC E8 FFFFFF3A                     	CALL	_boxfill8
   342 000002C1 83 C4 20                        	ADD	ESP,32
   343 000002C4 83 EC 08                        	SUB	ESP,8
   344 000002C7 8B 45 FC                        	MOV	EAX,DWORD [-4+EBP]
   345 000002CA 8B 40 0C                        	MOV	EAX,DWORD [12+EAX]
   346 000002CD 83 E8 1C                        	SUB	EAX,28
   347 000002D0 50                              	PUSH	EAX
   348 000002D1 8B 45 FC                        	MOV	EAX,DWORD [-4+EBP]
   349 000002D4 8B 40 08                        	MOV	EAX,DWORD [8+EAX]
   350 000002D7 48                              	DEC	EAX
   351 000002D8 50                              	PUSH	EAX
   352 000002D9 8B 45 FC                        	MOV	EAX,DWORD [-4+EBP]
   353 000002DC 8B 40 0C                        	MOV	EAX,DWORD [12+EAX]
   354 000002DF 83 E8 1C                        	SUB	EAX,28
   355 000002E2 50                              	PUSH	EAX
   356 000002E3 6A 00                           	PUSH	0
   357 000002E5 6A 08                           	PUSH	8
   358 000002E7 FF 75 FC                        	PUSH	DWORD [-4+EBP]
   359 000002EA E8 FFFFFF0C                     	CALL	_boxfill8
   360 000002EF 83 C4 20                        	ADD	ESP,32
   361 000002F2 83 EC 08                        	SUB	ESP,8
   362 000002F5 8B 45 FC                        	MOV	EAX,DWORD [-4+EBP]
   363 000002F8 8B 40 0C                        	MOV	EAX,DWORD [12+EAX]
   364 000002FB 83 E8 1B                        	SUB	EAX,27
   365 000002FE 50                              	PUSH	EAX
   366 000002FF 8B 45 FC                        	MOV	EAX,DWORD [-4+EBP]
   367 00000302 8B 40 08                        	MOV	EAX,DWORD [8+EAX]
   368 00000305 48                              	DEC	EAX
   369 00000306 50                              	PUSH	EAX
   370 00000307 8B 45 FC                        	MOV	EAX,DWORD [-4+EBP]
   371 0000030A 8B 40 0C                        	MOV	EAX,DWORD [12+EAX]
   372 0000030D 83 E8 1B                        	SUB	EAX,27
   373 00000310 50                              	PUSH	EAX
   374 00000311 6A 00                           	PUSH	0
   375 00000313 6A 07                           	PUSH	7
   376 00000315 FF 75 FC                        	PUSH	DWORD [-4+EBP]
   377 00000318 E8 FFFFFEDE                     	CALL	_boxfill8
   378 0000031D 83 C4 20                        	ADD	ESP,32
   379 00000320 83 EC 08                        	SUB	ESP,8
   380 00000323 8B 45 FC                        	MOV	EAX,DWORD [-4+EBP]
   381 00000326 8B 40 0C                        	MOV	EAX,DWORD [12+EAX]
   382 00000329 48                              	DEC	EAX
   383 0000032A 50                              	PUSH	EAX
   384 0000032B 8B 45 FC                        	MOV	EAX,DWORD [-4+EBP]
   385 0000032E 8B 40 08                        	MOV	EAX,DWORD [8+EAX]
   386 00000331 48                              	DEC	EAX
   387 00000332 50                              	PUSH	EAX
   388 00000333 8B 45 FC                        	MOV	EAX,DWORD [-4+EBP]
   389 00000336 8B 40 0C                        	MOV	EAX,DWORD [12+EAX]
   390 00000339 83 E8 1A                        	SUB	EAX,26
   391 0000033C 50                              	PUSH	EAX
   392 0000033D 6A 00                           	PUSH	0
   393 0000033F 6A 08                           	PUSH	8
   394 00000341 FF 75 FC                        	PUSH	DWORD [-4+EBP]
   395 00000344 E8 FFFFFEB2                     	CALL	_boxfill8
   396 00000349 83 C4 20                        	ADD	ESP,32
   397 0000034C 83 EC 08                        	SUB	ESP,8
   398 0000034F 8B 45 FC                        	MOV	EAX,DWORD [-4+EBP]
   399 00000352 8B 40 0C                        	MOV	EAX,DWORD [12+EAX]
   400 00000355 83 E8 18                        	SUB	EAX,24
   401 00000358 50                              	PUSH	EAX
   402 00000359 6A 3B                           	PUSH	59
   403 0000035B 8B 45 FC                        	MOV	EAX,DWORD [-4+EBP]
   404 0000035E 8B 40 0C                        	MOV	EAX,DWORD [12+EAX]
   405 00000361 83 E8 18                        	SUB	EAX,24
   406 00000364 50                              	PUSH	EAX
   407 00000365 6A 03                           	PUSH	3
   408 00000367 6A 07                           	PUSH	7
   409 00000369 FF 75 FC                        	PUSH	DWORD [-4+EBP]
   410 0000036C E8 FFFFFE8A                     	CALL	_boxfill8
   411 00000371 83 C4 20                        	ADD	ESP,32
   412 00000374 83 EC 08                        	SUB	ESP,8
   413 00000377 8B 45 FC                        	MOV	EAX,DWORD [-4+EBP]
   414 0000037A 8B 40 0C                        	MOV	EAX,DWORD [12+EAX]
   415 0000037D 83 E8 04                        	SUB	EAX,4
   416 00000380 50                              	PUSH	EAX
   417 00000381 6A 02                           	PUSH	2
   418 00000383 8B 45 FC                        	MOV	EAX,DWORD [-4+EBP]
   419 00000386 8B 40 0C                        	MOV	EAX,DWORD [12+EAX]
   420 00000389 83 E8 18                        	SUB	EAX,24
   421 0000038C 50                              	PUSH	EAX
   422 0000038D 6A 02                           	PUSH	2
   423 0000038F 6A 07                           	PUSH	7
   424 00000391 FF 75 FC                        	PUSH	DWORD [-4+EBP]
   425 00000394 E8 FFFFFE62                     	CALL	_boxfill8
   426 00000399 83 C4 20                        	ADD	ESP,32
   427 0000039C 83 EC 08                        	SUB	ESP,8
   428 0000039F 8B 45 FC                        	MOV	EAX,DWORD [-4+EBP]
   429 000003A2 8B 40 0C                        	MOV	EAX,DWORD [12+EAX]
   430 000003A5 83 E8 04                        	SUB	EAX,4
   431 000003A8 50                              	PUSH	EAX
   432 000003A9 6A 3B                           	PUSH	59
   433 000003AB 8B 45 FC                        	MOV	EAX,DWORD [-4+EBP]
   434 000003AE 8B 40 0C                        	MOV	EAX,DWORD [12+EAX]
   435 000003B1 83 E8 04                        	SUB	EAX,4
   436 000003B4 50                              	PUSH	EAX
   437 000003B5 6A 03                           	PUSH	3
   438 000003B7 6A 0F                           	PUSH	15
   439 000003B9 FF 75 FC                        	PUSH	DWORD [-4+EBP]
   440 000003BC E8 FFFFFE3A                     	CALL	_boxfill8
   441 000003C1 83 C4 20                        	ADD	ESP,32
   442 000003C4 83 EC 08                        	SUB	ESP,8
   443 000003C7 8B 45 FC                        	MOV	EAX,DWORD [-4+EBP]
   444 000003CA 8B 40 0C                        	MOV	EAX,DWORD [12+EAX]
   445 000003CD 83 E8 05                        	SUB	EAX,5
   446 000003D0 50                              	PUSH	EAX
   447 000003D1 6A 3B                           	PUSH	59
   448 000003D3 8B 45 FC                        	MOV	EAX,DWORD [-4+EBP]
   449 000003D6 8B 40 0C                        	MOV	EAX,DWORD [12+EAX]
   450 000003D9 83 E8 17                        	SUB	EAX,23
   451 000003DC 50                              	PUSH	EAX
   452 000003DD 6A 3B                           	PUSH	59
   453 000003DF 6A 0F                           	PUSH	15
   454 000003E1 FF 75 FC                        	PUSH	DWORD [-4+EBP]
   455 000003E4 E8 FFFFFE12                     	CALL	_boxfill8
   456 000003E9 83 C4 20                        	ADD	ESP,32
   457 000003EC 83 EC 08                        	SUB	ESP,8
   458 000003EF 8B 45 FC                        	MOV	EAX,DWORD [-4+EBP]
   459 000003F2 8B 40 0C                        	MOV	EAX,DWORD [12+EAX]
   460 000003F5 83 E8 03                        	SUB	EAX,3
   461 000003F8 50                              	PUSH	EAX
   462 000003F9 6A 3B                           	PUSH	59
   463 000003FB 8B 45 FC                        	MOV	EAX,DWORD [-4+EBP]
   464 000003FE 8B 40 0C                        	MOV	EAX,DWORD [12+EAX]
   465 00000401 83 E8 03                        	SUB	EAX,3
   466 00000404 50                              	PUSH	EAX
   467 00000405 6A 02                           	PUSH	2
   468 00000407 6A 00                           	PUSH	0
   469 00000409 FF 75 FC                        	PUSH	DWORD [-4+EBP]
   470 0000040C E8 FFFFFDEA                     	CALL	_boxfill8
   471 00000411 83 C4 20                        	ADD	ESP,32
   472 00000414 83 EC 08                        	SUB	ESP,8
   473 00000417 8B 45 FC                        	MOV	EAX,DWORD [-4+EBP]
   474 0000041A 8B 40 0C                        	MOV	EAX,DWORD [12+EAX]
   475 0000041D 83 E8 03                        	SUB	EAX,3
   476 00000420 50                              	PUSH	EAX
   477 00000421 6A 3C                           	PUSH	60
   478 00000423 8B 45 FC                        	MOV	EAX,DWORD [-4+EBP]
   479 00000426 8B 40 0C                        	MOV	EAX,DWORD [12+EAX]
   480 00000429 83 E8 18                        	SUB	EAX,24
   481 0000042C 50                              	PUSH	EAX
   482 0000042D 6A 3C                           	PUSH	60
   483 0000042F 6A 00                           	PUSH	0
   484 00000431 FF 75 FC                        	PUSH	DWORD [-4+EBP]
   485 00000434 E8 FFFFFDC2                     	CALL	_boxfill8
   486 00000439 83 C4 20                        	ADD	ESP,32
   487 0000043C 83 EC 08                        	SUB	ESP,8
   488 0000043F 8B 45 FC                        	MOV	EAX,DWORD [-4+EBP]
   489 00000442 8B 40 0C                        	MOV	EAX,DWORD [12+EAX]
   490 00000445 83 E8 18                        	SUB	EAX,24
   491 00000448 50                              	PUSH	EAX
   492 00000449 8B 45 FC                        	MOV	EAX,DWORD [-4+EBP]
   493 0000044C 8B 40 08                        	MOV	EAX,DWORD [8+EAX]
   494 0000044F 83 E8 04                        	SUB	EAX,4
   495 00000452 50                              	PUSH	EAX
   496 00000453 8B 45 FC                        	MOV	EAX,DWORD [-4+EBP]
   497 00000456 8B 40 0C                        	MOV	EAX,DWORD [12+EAX]
   498 00000459 83 E8 18                        	SUB	EAX,24
   499 0000045C 50                              	PUSH	EAX
   500 0000045D 8B 45 FC                        	MOV	EAX,DWORD [-4+EBP]
   501 00000460 8B 40 08                        	MOV	EAX,DWORD [8+EAX]
   502 00000463 83 E8 2F                        	SUB	EAX,47
   503 00000466 50                              	PUSH	EAX
   504 00000467 6A 0F                           	PUSH	15
   505 00000469 FF 75 FC                        	PUSH	DWORD [-4+EBP]
   506 0000046C E8 FFFFFD8A                     	CALL	_boxfill8
   507 00000471 83 C4 20                        	ADD	ESP,32
   508 00000474 83 EC 08                        	SUB	ESP,8
   509 00000477 8B 45 FC                        	MOV	EAX,DWORD [-4+EBP]
   510 0000047A 8B 40 0C                        	MOV	EAX,DWORD [12+EAX]
   511 0000047D 83 E8 04                        	SUB	EAX,4
   512 00000480 50                              	PUSH	EAX
   513 00000481 8B 45 FC                        	MOV	EAX,DWORD [-4+EBP]
   514 00000484 8B 40 08                        	MOV	EAX,DWORD [8+EAX]
   515 00000487 83 E8 2F                        	SUB	EAX,47
   516 0000048A 50                              	PUSH	EAX
   517 0000048B 8B 45 FC                        	MOV	EAX,DWORD [-4+EBP]
   518 0000048E 8B 40 0C                        	MOV	EAX,DWORD [12+EAX]
   519 00000491 83 E8 17                        	SUB	EAX,23
   520 00000494 50                              	PUSH	EAX
   521 00000495 8B 45 FC                        	MOV	EAX,DWORD [-4+EBP]
   522 00000498 8B 40 08                        	MOV	EAX,DWORD [8+EAX]
   523 0000049B 83 E8 2F                        	SUB	EAX,47
   524 0000049E 50                              	PUSH	EAX
   525 0000049F 6A 0F                           	PUSH	15
   526 000004A1 FF 75 FC                        	PUSH	DWORD [-4+EBP]
   527 000004A4 E8 FFFFFD52                     	CALL	_boxfill8
   528 000004A9 83 C4 20                        	ADD	ESP,32
   529 000004AC 83 EC 08                        	SUB	ESP,8
   530 000004AF 8B 45 FC                        	MOV	EAX,DWORD [-4+EBP]
   531 000004B2 8B 40 0C                        	MOV	EAX,DWORD [12+EAX]
   532 000004B5 83 E8 03                        	SUB	EAX,3
   533 000004B8 50                              	PUSH	EAX
   534 000004B9 8B 45 FC                        	MOV	EAX,DWORD [-4+EBP]
   535 000004BC 8B 40 08                        	MOV	EAX,DWORD [8+EAX]
   536 000004BF 83 E8 04                        	SUB	EAX,4
   537 000004C2 50                              	PUSH	EAX
   538 000004C3 8B 45 FC                        	MOV	EAX,DWORD [-4+EBP]
   539 000004C6 8B 40 0C                        	MOV	EAX,DWORD [12+EAX]
   540 000004C9 83 E8 03                        	SUB	EAX,3
   541 000004CC 50                              	PUSH	EAX
   542 000004CD 8B 45 FC                        	MOV	EAX,DWORD [-4+EBP]
   543 000004D0 8B 40 08                        	MOV	EAX,DWORD [8+EAX]
   544 000004D3 83 E8 2F                        	SUB	EAX,47
   545 000004D6 50                              	PUSH	EAX
   546 000004D7 6A 07                           	PUSH	7
   547 000004D9 FF 75 FC                        	PUSH	DWORD [-4+EBP]
   548 000004DC E8 FFFFFD1A                     	CALL	_boxfill8
   549 000004E1 83 C4 20                        	ADD	ESP,32
   550 000004E4 83 EC 08                        	SUB	ESP,8
   551 000004E7 8B 45 FC                        	MOV	EAX,DWORD [-4+EBP]
   552 000004EA 8B 40 0C                        	MOV	EAX,DWORD [12+EAX]
   553 000004ED 83 E8 03                        	SUB	EAX,3
   554 000004F0 50                              	PUSH	EAX
   555 000004F1 8B 45 FC                        	MOV	EAX,DWORD [-4+EBP]
   556 000004F4 8B 40 08                        	MOV	EAX,DWORD [8+EAX]
   557 000004F7 83 E8 03                        	SUB	EAX,3
   558 000004FA 50                              	PUSH	EAX
   559 000004FB 8B 45 FC                        	MOV	EAX,DWORD [-4+EBP]
   560 000004FE 8B 40 0C                        	MOV	EAX,DWORD [12+EAX]
   561 00000501 83 E8 18                        	SUB	EAX,24
   562 00000504 50                              	PUSH	EAX
   563 00000505 8B 45 FC                        	MOV	EAX,DWORD [-4+EBP]
   564 00000508 8B 40 08                        	MOV	EAX,DWORD [8+EAX]
   565 0000050B 83 E8 03                        	SUB	EAX,3
   566 0000050E 50                              	PUSH	EAX
   567 0000050F 6A 07                           	PUSH	7
   568 00000511 FF 75 FC                        	PUSH	DWORD [-4+EBP]
   569 00000514 E8 FFFFFCE2                     	CALL	_boxfill8
   570 00000519 83 C4 20                        	ADD	ESP,32
   571 0000051C 8B 45 FC                        	MOV	EAX,DWORD [-4+EBP]
   572 0000051F C9                              	LEAVE
   573 00000520 C3                              	RET
   574 00000521                                 	GLOBAL	__screen
   575                                          [SECTION .data]
   576 00000034 00 00 00 00 00 00 00 00 00 00   	ALIGNB	16
       0000003E 00 00 
   577 00000040                                 __screen:
   578 00000040 00 00 00 00 00 00 00 00 00 00   	RESB	36
       0000004A 00 00 00 00 00 00 00 00 00 00 
       00000054 00 00 00 00 00 00 00 00 00 00 
       0000005E 00 00 00 00 00 00 
